<?xml version="1.0" encoding="UTF-8"?>
<!-- Generated by org.testng.reporters.JUnitReportReporter -->
<testsuite skipped="0" hostname="test-PC" name="cOre.TestngAnnotation" tests="2" failures="0" timestamp="11 Oct 2018 08:29:06 GMT" time="0.008" errors="0">
  <testcase name="testCase1" time="0.006" classname="cOre.TestngAnnotation"/>
  <testcase name="testCase2" time="0.002" classname="cOre.TestngAnnotation"/>
</testsuite> <!-- cOre.TestngAnnotation -->
