<?xml version="1.0" encoding="UTF-8"?>
<!-- Generated by org.testng.reporters.JUnitReportReporter -->
<testsuite skipped="0" hostname="test-PC" name="cOre.TestngAnnotation2" tests="2" failures="0" timestamp="11 Oct 2018 08:34:40 GMT" time="0.011" errors="0">
  <testcase name="testCase1" time="0.008" classname="cOre.TestngAnnotation2"/>
  <testcase name="testCase2" time="0.003" classname="cOre.TestngAnnotation2"/>
</testsuite> <!-- cOre.TestngAnnotation2 -->
